<?xml version="1.0" encoding="UTF-8"?>
<testng-results ignored="0" total="1" passed="1" failed="0" skipped="0">
  <reporter-output>
  </reporter-output>
  <suite started-at="2024-10-22T17:00:58 IST" name="Default suite" finished-at="2024-10-22T17:01:02 IST" duration-ms="4238">
    <groups>
    </groups>
    <test started-at="2024-10-22T17:00:58 IST" name="Default test" finished-at="2024-10-22T17:01:02 IST" duration-ms="4238">
      <class name="com.testcase.text_box">
        <test-method is-config="true" signature="setup()[pri:0, instance:com.testcase.text_box@384ad17b]" started-at="2024-10-22T17:00:58 IST" name="setup" finished-at="2024-10-22T17:01:02 IST" duration-ms="3934" status="PASS">
          <reporter-output>
          </reporter-output>
        </test-method> <!-- setup -->
        <test-method signature="entertext()[pri:0, instance:com.testcase.text_box@384ad17b]" started-at="2024-10-22T17:01:02 IST" name="entertext" finished-at="2024-10-22T17:01:02 IST" duration-ms="174" status="PASS">
          <reporter-output>
          </reporter-output>
        </test-method> <!-- entertext -->
        <test-method is-config="true" signature="teardown()[pri:0, instance:com.testcase.text_box@384ad17b]" started-at="2024-10-22T17:01:02 IST" name="teardown" finished-at="2024-10-22T17:01:02 IST" duration-ms="95" status="PASS">
          <reporter-output>
          </reporter-output>
        </test-method> <!-- teardown -->
      </class> <!-- com.testcase.text_box -->
    </test> <!-- Default test -->
  </suite> <!-- Default suite -->
</testng-results>
